The modder has not chosen to include their source code.
Files:
AllStatsScale.dll
You can find this mod's .dll files under C:\Users\sudovius\Documents\My Games\Terraria\tModLoader\ModSources\ModAssemblies for easy mod collaboration!
AllStatsScale.pdb
build.txt
description.txt
icon.png
README.md
Localization/es-ES.hjson.hjson.legacy
Localization/en-US.hjson
Localization/de-DE.hjson
Localization/fr-FR.hjson
Localization/zh-Hans.hjson
Properties/launchSettings.json
Localization/it-IT.hjson
Localization/pl-PL.hjson
Localization/pt-BR.hjson
Localization/ru-RU.hjson
steam_icon.png
